<?xml version="1.0" encoding="UTF-8"?>
<testng-results ignored="0" total="2" passed="2" failed="0" skipped="0">
  <reporter-output>
  </reporter-output>
  <suite started-at="2025-04-18T15:52:09 GMT+03:00" name="Default suite" finished-at="2025-04-18T15:52:20 GMT+03:00" duration-ms="10548">
    <groups>
    </groups>
    <test started-at="2025-04-18T15:52:09 GMT+03:00" name="Default test" finished-at="2025-04-18T15:52:20 GMT+03:00" duration-ms="10548">
      <class name="project.project.AppTest">
        <test-method is-config="true" signature="mySetup()[pri:0, instance:project.project.AppTest@2c7b5824]" started-at="2025-04-18T15:52:09 GMT+03:00" name="mySetup" finished-at="2025-04-18T15:52:12 GMT+03:00" duration-ms="3131" status="PASS">
          <reporter-output>
          </reporter-output>
        </test-method> <!-- mySetup -->
        <test-method signature="scrollTest()[pri:1, instance:project.project.AppTest@2c7b5824]" started-at="2025-04-18T15:52:12 GMT+03:00" name="scrollTest" finished-at="2025-04-18T15:52:16 GMT+03:00" duration-ms="4063" status="PASS">
          <reporter-output>
          </reporter-output>
        </test-method> <!-- scrollTest -->
        <test-method signature="fillingTheInputFields()[pri:2, instance:project.project.AppTest@2c7b5824]" started-at="2025-04-18T15:52:16 GMT+03:00" name="fillingTheInputFields" finished-at="2025-04-18T15:52:17 GMT+03:00" duration-ms="1040" status="PASS">
          <reporter-output>
          </reporter-output>
        </test-method> <!-- fillingTheInputFields -->
        <test-method is-config="true" signature="closeWebsite()[pri:0, instance:project.project.AppTest@2c7b5824]" started-at="2025-04-18T15:52:17 GMT+03:00" name="closeWebsite" finished-at="2025-04-18T15:52:20 GMT+03:00" duration-ms="2236" status="PASS">
          <reporter-output>
          </reporter-output>
        </test-method> <!-- closeWebsite -->
      </class> <!-- project.project.AppTest -->
    </test> <!-- Default test -->
  </suite> <!-- Default suite -->
</testng-results>
